<?xml version="1.0" encoding="UTF-8"?>
<!-- Generated by org.testng.reporters.JUnitReportReporter -->
<testsuite hostname="DESKTOP-8KE617A" failures="0" tests="1" name="generalApp.Test1" time="7.846" errors="0" timestamp="2024-04-11T12:32:04 IST" skipped="0">
  <testcase classname="generalApp.Test1" name="test1" time="7.846"/>
  <system-out/>
</testsuite> <!-- generalApp.Test1 -->
