<?xml version="1.0" encoding="UTF-8"?>
<!-- Generated by org.testng.reporters.JUnitReportReporter -->
<testsuite hostname="DESKTOP-8KE617A" failures="0" tests="1" name="nzProject.DragNDrop" time="9.998" errors="0" timestamp="2024-08-25T21:46:00 IST" skipped="0">
  <testcase classname="nzProject.DragNDrop" name="dragNDrop" time="9.998"/>
  <system-out/>
</testsuite> <!-- nzProject.DragNDrop -->
