<?xml version="1.0" encoding="UTF-8"?>
<!-- Generated by org.testng.reporters.JUnitReportReporter -->
<testsuite hostname="DESKTOP-8KE617A" failures="0" tests="1" name="eCommerce.Test2" time="16.334" errors="0" timestamp="2024-08-26T22:07:18 IST" skipped="0">
  <testcase classname="eCommerce.Test2" name="test2" time="16.334"/>
  <system-out/>
</testsuite> <!-- eCommerce.Test2 -->
