<?xml version="1.0" encoding="UTF-8"?>
<!-- Generated by org.testng.reporters.JUnitReportReporter -->
<testsuite hostname="DESKTOP-8KE617A" failures="0" tests="1" name="nzProject.Test1" time="22.965" errors="0" timestamp="2024-09-01T21:27:34 IST" skipped="0">
  <testcase classname="nzProject.Test1" name="test1" time="22.965"/>
  <system-out/>
</testsuite> <!-- nzProject.Test1 -->
