<?xml version="1.0" encoding="UTF-8"?>
<!-- Generated by org.testng.reporters.JUnitReportReporter -->
<testsuite hostname="DESKTOP-8KE617A" failures="0" tests="1" name="nzProject.ScrollUntil" time="12.073" errors="0" timestamp="2024-08-25T22:18:10 IST" skipped="0">
  <testcase classname="nzProject.ScrollUntil" name="scrollingTest" time="12.073"/>
  <system-out/>
</testsuite> <!-- nzProject.ScrollUntil -->
