<?xml version="1.0" encoding="UTF-8"?>
<!-- Generated by org.testng.reporters.JUnitReportReporter -->
<testsuite hostname="DESKTOP-8KE617A" failures="0" tests="1" name="nzProject.longClickGestures" time="7.765" errors="0" timestamp="2024-09-01T21:28:25 IST" skipped="0">
  <testcase classname="nzProject.longClickGestures" name="longClickGestures" time="7.765"/>
  <system-out/>
</testsuite> <!-- nzProject.longClickGestures -->
