<?xml version="1.0" encoding="UTF-8"?>
<!-- Generated by org.testng.reporters.JUnitReportReporter -->
<testsuite hostname="DESKTOP-8KE617A" failures="0" tests="1" name="nzProject.SwipeGesture" time="10.969" errors="0" timestamp="2024-08-25T21:21:29 IST" skipped="0">
  <testcase classname="nzProject.SwipeGesture" name="swipeGesture" time="10.969"/>
  <system-out/>
</testsuite> <!-- nzProject.SwipeGesture -->
