<?xml version="1.0" encoding="UTF-8"?>
<!-- Generated by org.testng.reporters.JUnitReportReporter -->
<testsuite hostname="DESKTOP-8KE617A" failures="0" tests="1" name="nzProject.Gestures" time="11.244" errors="0" timestamp="2024-08-25T19:11:35 IST" skipped="0">
  <testcase classname="nzProject.Gestures" name="gestures" time="11.244"/>
  <system-out/>
</testsuite> <!-- nzProject.Gestures -->
