<?xml version="1.0" encoding="UTF-8"?>
<!-- Generated by org.testng.reporters.JUnitReportReporter -->
<testsuite hostname="DESKTOP-8KE617A" failures="0" tests="1" name="eCommerce.Test1" time="29.359" errors="0" timestamp="2024-09-01T21:37:40 IST" skipped="0">
  <testcase classname="eCommerce.Test1" name="test1" time="29.359"/>
  <system-out/>
</testsuite> <!-- eCommerce.Test1 -->
