<?xml version="1.0" encoding="UTF-8"?>
<!-- Generated by org.testng.reporters.JUnitReportReporter -->
<testsuite hostname="DESKTOP-8KE617A" failures="0" tests="1" name="firstLessons.PelotonApp" time="0.011" errors="0" timestamp="2024-04-11T12:54:01 IST" skipped="0">
  <testcase classname="firstLessons.PelotonApp" name="pelotonApp" time="0.011"/>
  <system-out/>
</testsuite> <!-- firstLessons.PelotonApp -->
