<?xml version="1.0" encoding="UTF-8"?>
<!-- Generated by org.testng.reporters.JUnitReportReporter -->
<testsuite hostname="DESKTOP-8KE617A" failures="0" tests="1" name="extentReports.Test1" time="7.599" errors="0" timestamp="2024-09-03T19:33:17 IST" skipped="0">
  <testcase classname="extentReports.Test1" name="test1" time="7.599"/>
  <system-out/>
</testsuite> <!-- extentReports.Test1 -->
