<?xml version="1.0" encoding="UTF-8"?>
<!-- Generated by org.testng.reporters.JUnitReportReporter -->
<testsuite hostname="DESKTOP-8KE617A" failures="0" tests="1" name="eCommerce.Test3Browser" time="22.244" errors="0" timestamp="2024-08-26T22:26:19 IST" skipped="0">
  <testcase classname="eCommerce.Test3Browser" name="test3" time="22.244"/>
  <system-out/>
</testsuite> <!-- eCommerce.Test3Browser -->
